0 info it worked if it ends with ok
1 verbose cli [ '/Users/pedrohenriquesantos/.nvm/v0.10.24/bin/node',
1 verbose cli   '/Users/pedrohenriquesantos/.nvm/v0.10.24/bin/npm',
1 verbose cli   'start' ]
2 info using npm@1.3.21
3 info using node@v0.10.24
4 verbose run-script [ 'prestart', 'start', 'poststart' ]
5 info prestart koder-knight@0.0.0
6 info start koder-knight@0.0.0
7 verbose unsafe-perm in lifecycle true
8 info koder-knight@0.0.0 Failed to exec start script
9 error koder-knight@0.0.0 start: `node ./node_modules/gulp/bin/gulp.js`
9 error Exit status 1
10 error Failed at the koder-knight@0.0.0 start script.
10 error This is most likely a problem with the koder-knight package,
10 error not with npm itself.
10 error Tell the author that this fails on your system:
10 error     node ./node_modules/gulp/bin/gulp.js
10 error You can get their info via:
10 error     npm owner ls koder-knight
10 error There is likely additional logging output above.
11 error System Darwin 14.0.0
12 error command "/Users/pedrohenriquesantos/.nvm/v0.10.24/bin/node" "/Users/pedrohenriquesantos/.nvm/v0.10.24/bin/npm" "start"
13 error cwd /Users/pedrohenriquesantos/Development/global.hackathon/koder_knight
14 error node -v v0.10.24
15 error npm -v 1.3.21
16 error code ELIFECYCLE
17 verbose exit [ 1, true ]
